[2023-10-02T00:04:47.072+0000] {taskinstance.py:1103} INFO - Dependencies all met for dep_context=non-requeueable deps ti=<TaskInstance: Load-Green-Taxi-Data-Web-To-GCS-To-Postgres.download_file_from_gcs scheduled__2019-03-02T06:00:00+00:00 [queued]>
[2023-10-02T00:04:47.085+0000] {taskinstance.py:1103} INFO - Dependencies all met for dep_context=requeueable deps ti=<TaskInstance: Load-Green-Taxi-Data-Web-To-GCS-To-Postgres.download_file_from_gcs scheduled__2019-03-02T06:00:00+00:00 [queued]>
[2023-10-02T00:04:47.086+0000] {taskinstance.py:1308} INFO - Starting attempt 1 of 3
[2023-10-02T00:04:47.110+0000] {taskinstance.py:1327} INFO - Executing <Task(GCSToLocalFilesystemOperator): download_file_from_gcs> on 2019-03-02 06:00:00+00:00
[2023-10-02T00:04:47.119+0000] {standard_task_runner.py:57} INFO - Started process 318 to run task
[2023-10-02T00:04:47.123+0000] {standard_task_runner.py:84} INFO - Running: ['***', 'tasks', 'run', 'Load-Green-Taxi-Data-Web-To-GCS-To-Postgres', 'download_file_from_gcs', 'scheduled__2019-03-02T06:00:00+00:00', '--job-id', '653', '--raw', '--subdir', 'DAGS_FOLDER/web_gcs_pg.py', '--cfg-path', '/tmp/tmp3a3q1plj']
[2023-10-02T00:04:47.126+0000] {standard_task_runner.py:85} INFO - Job 653: Subtask download_file_from_gcs
[2023-10-02T00:04:47.202+0000] {task_command.py:410} INFO - Running <TaskInstance: Load-Green-Taxi-Data-Web-To-GCS-To-Postgres.download_file_from_gcs scheduled__2019-03-02T06:00:00+00:00 [running]> on host 537710aea1a2
[2023-10-02T00:04:47.336+0000] {taskinstance.py:1547} INFO - Exporting env vars: AIRFLOW_CTX_DAG_EMAIL='' AIRFLOW_CTX_DAG_OWNER='***' AIRFLOW_CTX_DAG_ID='Load-Green-Taxi-Data-Web-To-GCS-To-Postgres' AIRFLOW_CTX_TASK_ID='download_file_from_gcs' AIRFLOW_CTX_EXECUTION_DATE='2019-03-02T06:00:00+00:00' AIRFLOW_CTX_TRY_NUMBER='1' AIRFLOW_CTX_DAG_RUN_ID='scheduled__2019-03-02T06:00:00+00:00'
[2023-10-02T00:04:47.337+0000] {gcs_to_local.py:111} INFO - Executing download: practice18, green_tripdata2019-03.csv, /opt/***/green_tripdata2019-03.csv
[2023-10-02T00:04:47.338+0000] {crypto.py:83} WARNING - empty cryptography key - values will not be stored encrypted.
[2023-10-02T00:04:47.338+0000] {base.py:73} INFO - Using connection ID 'google_cloud_default' for task execution.
[2023-10-02T00:04:48.332+0000] {gcs.py:353} ERROR - Download attempt of object: green_tripdata2019-03.csv from practice18 has failed. Attempt: 1, max 1.
[2023-10-02T00:04:48.332+0000] {taskinstance.py:1824} ERROR - Task failed with exception
Traceback (most recent call last):
  File "/home/airflow/.local/lib/python3.7/site-packages/google/cloud/storage/client.py", line 1109, in download_blob_to_file
    retry=retry,
  File "/home/airflow/.local/lib/python3.7/site-packages/google/cloud/storage/blob.py", line 984, in _do_download
    response = download.consume(transport, timeout=timeout)
  File "/home/airflow/.local/lib/python3.7/site-packages/google/resumable_media/requests/download.py", line 238, in consume
    retriable_request, self._get_status_code, self._retry_strategy
  File "/home/airflow/.local/lib/python3.7/site-packages/google/resumable_media/requests/_request_helpers.py", line 155, in wait_and_retry
    response = func()
  File "/home/airflow/.local/lib/python3.7/site-packages/google/resumable_media/requests/download.py", line 219, in retriable_request
    self._process_response(result)
  File "/home/airflow/.local/lib/python3.7/site-packages/google/resumable_media/_download.py", line 189, in _process_response
    response, _ACCEPTABLE_STATUS_CODES, self._get_status_code
  File "/home/airflow/.local/lib/python3.7/site-packages/google/resumable_media/_helpers.py", line 113, in require_status_code
    *status_codes
google.resumable_media.common.InvalidResponse: ('Request failed with status code', 404, 'Expected one of', <HTTPStatus.OK: 200>, <HTTPStatus.PARTIAL_CONTENT: 206>)

During handling of the above exception, another exception occurred:

Traceback (most recent call last):
  File "/home/airflow/.local/lib/python3.7/site-packages/airflow/providers/google/cloud/transfers/gcs_to_local.py", line 125, in execute
    hook.download(bucket_name=self.bucket, object_name=self.object_name, filename=self.filename)
  File "/home/airflow/.local/lib/python3.7/site-packages/airflow/providers/google/cloud/hooks/gcs.py", line 340, in download
    blob.download_to_filename(filename, timeout=timeout)
  File "/home/airflow/.local/lib/python3.7/site-packages/google/cloud/storage/blob.py", line 1270, in download_to_filename
    retry=retry,
  File "/home/airflow/.local/lib/python3.7/site-packages/google/cloud/storage/client.py", line 1112, in download_blob_to_file
    _raise_from_invalid_response(exc)
  File "/home/airflow/.local/lib/python3.7/site-packages/google/cloud/storage/blob.py", line 4373, in _raise_from_invalid_response
    raise exceptions.from_http_status(response.status_code, message, response=response)
google.api_core.exceptions.NotFound: 404 GET https://storage.googleapis.com/download/storage/v1/b/practice18/o/green_tripdata2019-03.csv?alt=media: No such object: practice18/green_tripdata2019-03.csv: ('Request failed with status code', 404, 'Expected one of', <HTTPStatus.OK: 200>, <HTTPStatus.PARTIAL_CONTENT: 206>)
[2023-10-02T00:04:48.347+0000] {taskinstance.py:1350} INFO - Marking task as UP_FOR_RETRY. dag_id=Load-Green-Taxi-Data-Web-To-GCS-To-Postgres, task_id=download_file_from_gcs, execution_date=20190302T060000, start_date=20231002T000447, end_date=20231002T000448
[2023-10-02T00:04:48.398+0000] {standard_task_runner.py:109} ERROR - Failed to execute job 653 for task download_file_from_gcs (404 GET https://storage.googleapis.com/download/storage/v1/b/practice18/o/green_tripdata2019-03.csv?alt=media: No such object: practice18/green_tripdata2019-03.csv: ('Request failed with status code', 404, 'Expected one of', <HTTPStatus.OK: 200>, <HTTPStatus.PARTIAL_CONTENT: 206>); 318)
[2023-10-02T00:04:48.417+0000] {local_task_job_runner.py:225} INFO - Task exited with return code 1
[2023-10-02T00:04:48.458+0000] {taskinstance.py:2653} INFO - 0 downstream tasks scheduled from follow-on schedule check
[2023-10-02T15:07:05.258+0000] {taskinstance.py:1103} INFO - Dependencies all met for dep_context=non-requeueable deps ti=<TaskInstance: Load-Green-Taxi-Data-Web-To-GCS-To-Postgres.download_file_from_gcs scheduled__2019-03-02T06:00:00+00:00 [queued]>
[2023-10-02T15:07:05.298+0000] {taskinstance.py:1103} INFO - Dependencies all met for dep_context=requeueable deps ti=<TaskInstance: Load-Green-Taxi-Data-Web-To-GCS-To-Postgres.download_file_from_gcs scheduled__2019-03-02T06:00:00+00:00 [queued]>
[2023-10-02T15:07:05.298+0000] {taskinstance.py:1308} INFO - Starting attempt 1 of 3
[2023-10-02T15:07:05.349+0000] {taskinstance.py:1327} INFO - Executing <Task(GCSToLocalFilesystemOperator): download_file_from_gcs> on 2019-03-02 06:00:00+00:00
[2023-10-02T15:07:05.357+0000] {standard_task_runner.py:57} INFO - Started process 5659 to run task
[2023-10-02T15:07:05.362+0000] {standard_task_runner.py:84} INFO - Running: ['***', 'tasks', 'run', 'Load-Green-Taxi-Data-Web-To-GCS-To-Postgres', 'download_file_from_gcs', 'scheduled__2019-03-02T06:00:00+00:00', '--job-id', '903', '--raw', '--subdir', 'DAGS_FOLDER/web_gcs_pg.py', '--cfg-path', '/tmp/tmpc9bdck2z']
[2023-10-02T15:07:05.365+0000] {standard_task_runner.py:85} INFO - Job 903: Subtask download_file_from_gcs
[2023-10-02T15:07:05.425+0000] {task_command.py:410} INFO - Running <TaskInstance: Load-Green-Taxi-Data-Web-To-GCS-To-Postgres.download_file_from_gcs scheduled__2019-03-02T06:00:00+00:00 [running]> on host 537710aea1a2
[2023-10-02T15:07:05.851+0000] {taskinstance.py:1547} INFO - Exporting env vars: AIRFLOW_CTX_DAG_EMAIL='' AIRFLOW_CTX_DAG_OWNER='***' AIRFLOW_CTX_DAG_ID='Load-Green-Taxi-Data-Web-To-GCS-To-Postgres' AIRFLOW_CTX_TASK_ID='download_file_from_gcs' AIRFLOW_CTX_EXECUTION_DATE='2019-03-02T06:00:00+00:00' AIRFLOW_CTX_TRY_NUMBER='1' AIRFLOW_CTX_DAG_RUN_ID='scheduled__2019-03-02T06:00:00+00:00'
[2023-10-02T15:07:05.852+0000] {gcs_to_local.py:111} INFO - Executing download: practice18, green/green_tripdata_2019-03.csv, /opt/***/green_tripdata_2019-03.csv
[2023-10-02T15:07:05.853+0000] {crypto.py:83} WARNING - empty cryptography key - values will not be stored encrypted.
[2023-10-02T15:07:05.854+0000] {base.py:73} INFO - Using connection ID 'google_cloud_default' for task execution.
[2023-10-02T15:07:26.276+0000] {gcs.py:341} INFO - File downloaded to /opt/***/green_tripdata_2019-03.csv
[2023-10-02T15:07:26.309+0000] {taskinstance.py:1350} INFO - Marking task as SUCCESS. dag_id=Load-Green-Taxi-Data-Web-To-GCS-To-Postgres, task_id=download_file_from_gcs, execution_date=20190302T060000, start_date=20231002T150705, end_date=20231002T150726
[2023-10-02T15:07:26.407+0000] {local_task_job_runner.py:225} INFO - Task exited with return code 0
[2023-10-02T15:07:26.443+0000] {taskinstance.py:2653} INFO - 1 downstream tasks scheduled from follow-on schedule check
[2023-10-02T18:05:54.620+0000] {taskinstance.py:1103} INFO - Dependencies all met for dep_context=non-requeueable deps ti=<TaskInstance: Load-Green-Taxi-Data-Web-To-GCS-To-Postgres.download_file_from_gcs scheduled__2019-03-02T06:00:00+00:00 [queued]>
[2023-10-02T18:05:54.673+0000] {taskinstance.py:1103} INFO - Dependencies all met for dep_context=requeueable deps ti=<TaskInstance: Load-Green-Taxi-Data-Web-To-GCS-To-Postgres.download_file_from_gcs scheduled__2019-03-02T06:00:00+00:00 [queued]>
[2023-10-02T18:05:54.673+0000] {taskinstance.py:1308} INFO - Starting attempt 1 of 3
[2023-10-02T18:05:54.755+0000] {taskinstance.py:1327} INFO - Executing <Task(GCSToLocalFilesystemOperator): download_file_from_gcs> on 2019-03-02 06:00:00+00:00
[2023-10-02T18:05:54.764+0000] {standard_task_runner.py:57} INFO - Started process 8698 to run task
[2023-10-02T18:05:54.768+0000] {standard_task_runner.py:84} INFO - Running: ['***', 'tasks', 'run', 'Load-Green-Taxi-Data-Web-To-GCS-To-Postgres', 'download_file_from_gcs', 'scheduled__2019-03-02T06:00:00+00:00', '--job-id', '1002', '--raw', '--subdir', 'DAGS_FOLDER/web_gcs_pg.py', '--cfg-path', '/tmp/tmpd0xeo4wn']
[2023-10-02T18:05:54.770+0000] {standard_task_runner.py:85} INFO - Job 1002: Subtask download_file_from_gcs
[2023-10-02T18:05:54.907+0000] {task_command.py:410} INFO - Running <TaskInstance: Load-Green-Taxi-Data-Web-To-GCS-To-Postgres.download_file_from_gcs scheduled__2019-03-02T06:00:00+00:00 [running]> on host 537710aea1a2
[2023-10-02T18:05:55.256+0000] {taskinstance.py:1547} INFO - Exporting env vars: AIRFLOW_CTX_DAG_EMAIL='' AIRFLOW_CTX_DAG_OWNER='***' AIRFLOW_CTX_DAG_ID='Load-Green-Taxi-Data-Web-To-GCS-To-Postgres' AIRFLOW_CTX_TASK_ID='download_file_from_gcs' AIRFLOW_CTX_EXECUTION_DATE='2019-03-02T06:00:00+00:00' AIRFLOW_CTX_TRY_NUMBER='1' AIRFLOW_CTX_DAG_RUN_ID='scheduled__2019-03-02T06:00:00+00:00'
[2023-10-02T18:05:55.257+0000] {gcs_to_local.py:111} INFO - Executing download: practice18, green/green_tripdata_2019-03.csv, /opt/***/green_tripdata_2019-03.csv
[2023-10-02T18:05:55.257+0000] {crypto.py:83} WARNING - empty cryptography key - values will not be stored encrypted.
[2023-10-02T18:05:55.258+0000] {base.py:73} INFO - Using connection ID 'google_cloud_default' for task execution.
[2023-10-02T18:06:16.063+0000] {gcs.py:341} INFO - File downloaded to /opt/***/green_tripdata_2019-03.csv
[2023-10-02T18:06:16.078+0000] {taskinstance.py:1350} INFO - Marking task as SUCCESS. dag_id=Load-Green-Taxi-Data-Web-To-GCS-To-Postgres, task_id=download_file_from_gcs, execution_date=20190302T060000, start_date=20231002T180554, end_date=20231002T180616
[2023-10-02T18:06:16.279+0000] {local_task_job_runner.py:225} INFO - Task exited with return code 0
[2023-10-02T18:06:16.323+0000] {taskinstance.py:2653} INFO - 1 downstream tasks scheduled from follow-on schedule check
