[2023-10-02T00:00:29.234+0000] {taskinstance.py:1103} INFO - Dependencies all met for dep_context=non-requeueable deps ti=<TaskInstance: Load-Green-Taxi-Data-Web-To-GCS-To-Postgres.extract_to_gcs scheduled__2019-02-02T06:00:00+00:00 [queued]>
[2023-10-02T00:00:29.247+0000] {taskinstance.py:1103} INFO - Dependencies all met for dep_context=requeueable deps ti=<TaskInstance: Load-Green-Taxi-Data-Web-To-GCS-To-Postgres.extract_to_gcs scheduled__2019-02-02T06:00:00+00:00 [queued]>
[2023-10-02T00:00:29.248+0000] {taskinstance.py:1308} INFO - Starting attempt 1 of 3
[2023-10-02T00:00:29.269+0000] {taskinstance.py:1327} INFO - Executing <Task(WebToGCSHKOperator): extract_to_gcs> on 2019-02-02 06:00:00+00:00
[2023-10-02T00:00:29.277+0000] {standard_task_runner.py:57} INFO - Started process 231 to run task
[2023-10-02T00:00:29.280+0000] {standard_task_runner.py:84} INFO - Running: ['***', 'tasks', 'run', 'Load-Green-Taxi-Data-Web-To-GCS-To-Postgres', 'extract_to_gcs', 'scheduled__2019-02-02T06:00:00+00:00', '--job-id', '648', '--raw', '--subdir', 'DAGS_FOLDER/web_gcs_pg.py', '--cfg-path', '/tmp/tmpfzw8ig7z']
[2023-10-02T00:00:29.283+0000] {standard_task_runner.py:85} INFO - Job 648: Subtask extract_to_gcs
[2023-10-02T00:00:29.350+0000] {task_command.py:410} INFO - Running <TaskInstance: Load-Green-Taxi-Data-Web-To-GCS-To-Postgres.extract_to_gcs scheduled__2019-02-02T06:00:00+00:00 [running]> on host 537710aea1a2
[2023-10-02T00:00:29.505+0000] {taskinstance.py:1547} INFO - Exporting env vars: AIRFLOW_CTX_DAG_EMAIL='' AIRFLOW_CTX_DAG_OWNER='***' AIRFLOW_CTX_DAG_ID='Load-Green-Taxi-Data-Web-To-GCS-To-Postgres' AIRFLOW_CTX_TASK_ID='extract_to_gcs' AIRFLOW_CTX_EXECUTION_DATE='2019-02-02T06:00:00+00:00' AIRFLOW_CTX_TRY_NUMBER='1' AIRFLOW_CTX_DAG_RUN_ID='scheduled__2019-02-02T06:00:00+00:00'
[2023-10-02T00:00:29.507+0000] {crypto.py:83} WARNING - empty cryptography key - values will not be stored encrypted.
[2023-10-02T00:00:29.507+0000] {base.py:73} INFO - Using connection ID 'google_cloud_default' for task execution.
[2023-10-02T00:00:29.508+0000] {Web_To_GCS_Hook.py:67} INFO - Execute downloading of file from https://github.com/DataTalksClub/nyc-tlc-data/releases/download/green/green_tripdata_2019-02.csv.gz to gs://practice18//green_tripdata_2019-02.csv.gz
[2023-10-02T00:00:35.799+0000] {Web_To_GCS_Hook.py:79} INFO - File written to temporary directory: /tmp/tmpa1n4x70z/green_tripdata_2019-02.csv.gz
[2023-10-02T00:00:42.195+0000] {logging_mixin.py:150} INFO -    VendorID lpep_pickup_datetime  ... trip_type congestion_surcharge
0         2  2019-02-01 00:10:19  ...         1                  0.0
1         2  2019-02-01 00:02:16  ...         1                  0.0
2         2  2019-02-01 00:37:19  ...         1                  0.0
3         1  2019-02-01 00:10:10  ...         1                  0.0
4         1  2019-02-01 00:30:19  ...         1                  0.0

[5 rows x 20 columns]
[2023-10-02T00:00:42.196+0000] {logging_mixin.py:150} INFO - (575685, 20)
[2023-10-02T00:00:47.983+0000] {Web_To_GCS_Hook.py:90} INFO - Parquet: green_tripdata_2019-02.csv
[2023-10-02T00:01:24.132+0000] {gcs.py:538} INFO - File /tmp/tmpa1n4x70z/green_tripdata_2019-02.csv uploaded to green/green_tripdata_2019-02.csv in practice18 bucket
[2023-10-02T00:01:24.491+0000] {Web_To_GCS_Hook.py:105} INFO - Loaded file from https://github.com/DataTalksClub/nyc-tlc-data/releases/download/green/green_tripdata_2019-02.csv.gz to gs://practice18//green/green_tripdata_2019-02.csv
[2023-10-02T00:01:24.628+0000] {taskinstance.py:1350} INFO - Marking task as SUCCESS. dag_id=Load-Green-Taxi-Data-Web-To-GCS-To-Postgres, task_id=extract_to_gcs, execution_date=20190202T060000, start_date=20231002T000029, end_date=20231002T000124
[2023-10-02T00:01:24.713+0000] {local_task_job_runner.py:225} INFO - Task exited with return code 0
[2023-10-02T00:01:24.782+0000] {taskinstance.py:2653} INFO - 1 downstream tasks scheduled from follow-on schedule check
[2023-10-02T11:52:17.097+0000] {taskinstance.py:1103} INFO - Dependencies all met for dep_context=non-requeueable deps ti=<TaskInstance: Load-Green-Taxi-Data-Web-To-GCS-To-Postgres.extract_to_gcs scheduled__2019-02-02T06:00:00+00:00 [queued]>
[2023-10-02T11:52:17.193+0000] {taskinstance.py:1103} INFO - Dependencies all met for dep_context=requeueable deps ti=<TaskInstance: Load-Green-Taxi-Data-Web-To-GCS-To-Postgres.extract_to_gcs scheduled__2019-02-02T06:00:00+00:00 [queued]>
[2023-10-02T11:52:17.193+0000] {taskinstance.py:1308} INFO - Starting attempt 1 of 3
[2023-10-02T11:52:17.279+0000] {taskinstance.py:1327} INFO - Executing <Task(WebToGCSHKOperator): extract_to_gcs> on 2019-02-02 06:00:00+00:00
[2023-10-02T11:52:17.290+0000] {standard_task_runner.py:57} INFO - Started process 2185 to run task
[2023-10-02T11:52:17.295+0000] {standard_task_runner.py:84} INFO - Running: ['***', 'tasks', 'run', 'Load-Green-Taxi-Data-Web-To-GCS-To-Postgres', 'extract_to_gcs', 'scheduled__2019-02-02T06:00:00+00:00', '--job-id', '830', '--raw', '--subdir', 'DAGS_FOLDER/web_gcs_pg.py', '--cfg-path', '/tmp/tmpwe7ho54e']
[2023-10-02T11:52:17.298+0000] {standard_task_runner.py:85} INFO - Job 830: Subtask extract_to_gcs
[2023-10-02T11:52:17.375+0000] {task_command.py:410} INFO - Running <TaskInstance: Load-Green-Taxi-Data-Web-To-GCS-To-Postgres.extract_to_gcs scheduled__2019-02-02T06:00:00+00:00 [running]> on host 537710aea1a2
[2023-10-02T11:52:17.829+0000] {taskinstance.py:1547} INFO - Exporting env vars: AIRFLOW_CTX_DAG_EMAIL='' AIRFLOW_CTX_DAG_OWNER='***' AIRFLOW_CTX_DAG_ID='Load-Green-Taxi-Data-Web-To-GCS-To-Postgres' AIRFLOW_CTX_TASK_ID='extract_to_gcs' AIRFLOW_CTX_EXECUTION_DATE='2019-02-02T06:00:00+00:00' AIRFLOW_CTX_TRY_NUMBER='1' AIRFLOW_CTX_DAG_RUN_ID='scheduled__2019-02-02T06:00:00+00:00'
[2023-10-02T11:52:17.831+0000] {crypto.py:83} WARNING - empty cryptography key - values will not be stored encrypted.
[2023-10-02T11:52:17.831+0000] {base.py:73} INFO - Using connection ID 'google_cloud_default' for task execution.
[2023-10-02T11:52:17.832+0000] {Web_To_GCS_Hook.py:67} INFO - Execute downloading of file from https://github.com/DataTalksClub/nyc-tlc-data/releases/download/green/green_tripdata_2019-02.csv.gz to gs://practice18//green_tripdata_2019-02.csv.gz
[2023-10-02T11:52:26.387+0000] {Web_To_GCS_Hook.py:79} INFO - File written to temporary directory: /tmp/tmp4dgy2876/green_tripdata_2019-02.csv.gz
[2023-10-02T11:52:32.663+0000] {logging_mixin.py:150} INFO -    VendorID lpep_pickup_datetime  ... trip_type congestion_surcharge
0         2  2019-02-01 00:10:19  ...         1                  0.0
1         2  2019-02-01 00:02:16  ...         1                  0.0
2         2  2019-02-01 00:37:19  ...         1                  0.0
3         1  2019-02-01 00:10:10  ...         1                  0.0
4         1  2019-02-01 00:30:19  ...         1                  0.0

[5 rows x 20 columns]
[2023-10-02T11:52:32.727+0000] {logging_mixin.py:150} INFO - (575685, 20)
[2023-10-02T11:52:37.848+0000] {Web_To_GCS_Hook.py:90} INFO - Parquet: green_tripdata_2019-02.csv
[2023-10-02T11:53:45.534+0000] {taskinstance.py:1824} ERROR - Task failed with exception
Traceback (most recent call last):
  File "/home/airflow/.local/lib/python3.7/site-packages/urllib3/connectionpool.py", line 721, in urlopen
    chunked=chunked,
  File "/home/airflow/.local/lib/python3.7/site-packages/urllib3/connectionpool.py", line 415, in _make_request
    conn.request(method, url, **httplib_request_kw)
  File "/home/airflow/.local/lib/python3.7/site-packages/urllib3/connection.py", line 244, in request
    super(HTTPConnection, self).request(method, url, body=body, headers=headers)
  File "/usr/local/lib/python3.7/http/client.py", line 1281, in request
    self._send_request(method, url, body, headers, encode_chunked)
  File "/usr/local/lib/python3.7/http/client.py", line 1327, in _send_request
    self.endheaders(body, encode_chunked=encode_chunked)
  File "/usr/local/lib/python3.7/http/client.py", line 1276, in endheaders
    self._send_output(message_body, encode_chunked=encode_chunked)
  File "/usr/local/lib/python3.7/http/client.py", line 1075, in _send_output
    self.send(chunk)
  File "/usr/local/lib/python3.7/http/client.py", line 997, in send
    self.sock.sendall(data)
  File "/usr/local/lib/python3.7/ssl.py", line 1034, in sendall
    v = self.send(byte_view[count:])
  File "/usr/local/lib/python3.7/ssl.py", line 1003, in send
    return self._sslobj.write(data)
socket.timeout: The write operation timed out

During handling of the above exception, another exception occurred:

Traceback (most recent call last):
  File "/home/airflow/.local/lib/python3.7/site-packages/requests/adapters.py", line 497, in send
    chunked=chunked,
  File "/home/airflow/.local/lib/python3.7/site-packages/urllib3/connectionpool.py", line 799, in urlopen
    method, url, error=e, _pool=self, _stacktrace=sys.exc_info()[2]
  File "/home/airflow/.local/lib/python3.7/site-packages/urllib3/util/retry.py", line 550, in increment
    raise six.reraise(type(error), error, _stacktrace)
  File "/home/airflow/.local/lib/python3.7/site-packages/urllib3/packages/six.py", line 769, in reraise
    raise value.with_traceback(tb)
  File "/home/airflow/.local/lib/python3.7/site-packages/urllib3/connectionpool.py", line 721, in urlopen
    chunked=chunked,
  File "/home/airflow/.local/lib/python3.7/site-packages/urllib3/connectionpool.py", line 415, in _make_request
    conn.request(method, url, **httplib_request_kw)
  File "/home/airflow/.local/lib/python3.7/site-packages/urllib3/connection.py", line 244, in request
    super(HTTPConnection, self).request(method, url, body=body, headers=headers)
  File "/usr/local/lib/python3.7/http/client.py", line 1281, in request
    self._send_request(method, url, body, headers, encode_chunked)
  File "/usr/local/lib/python3.7/http/client.py", line 1327, in _send_request
    self.endheaders(body, encode_chunked=encode_chunked)
  File "/usr/local/lib/python3.7/http/client.py", line 1276, in endheaders
    self._send_output(message_body, encode_chunked=encode_chunked)
  File "/usr/local/lib/python3.7/http/client.py", line 1075, in _send_output
    self.send(chunk)
  File "/usr/local/lib/python3.7/http/client.py", line 997, in send
    self.sock.sendall(data)
  File "/usr/local/lib/python3.7/ssl.py", line 1034, in sendall
    v = self.send(byte_view[count:])
  File "/usr/local/lib/python3.7/ssl.py", line 1003, in send
    return self._sslobj.write(data)
urllib3.exceptions.ProtocolError: ('Connection aborted.', timeout('The write operation timed out'))

During handling of the above exception, another exception occurred:

Traceback (most recent call last):
  File "/opt/airflow/plugins/web/operators/Web_To_GCS_Hook.py", line 58, in execute
    self._copy_file_object(gcs_hook)
  File "/opt/airflow/plugins/web/operators/Web_To_GCS_Hook.py", line 99, in _copy_file_object
    gzip=False,
  File "/home/airflow/.local/lib/python3.7/site-packages/airflow/providers/google/cloud/hooks/gcs.py", line 533, in upload
    partial(blob.upload_from_filename, filename=filename, content_type=mime_type, timeout=timeout)
  File "/home/airflow/.local/lib/python3.7/site-packages/airflow/providers/google/cloud/hooks/gcs.py", line 490, in _call_with_retry
    f()
  File "/home/airflow/.local/lib/python3.7/site-packages/google/cloud/storage/blob.py", line 2697, in upload_from_filename
    retry=retry,
  File "/home/airflow/.local/lib/python3.7/site-packages/google/cloud/storage/blob.py", line 2553, in upload_from_file
    retry=retry,
  File "/home/airflow/.local/lib/python3.7/site-packages/google/cloud/storage/blob.py", line 2384, in _do_upload
    retry=retry,
  File "/home/airflow/.local/lib/python3.7/site-packages/google/cloud/storage/blob.py", line 2215, in _do_resumable_upload
    response = upload.transmit_next_chunk(transport, timeout=timeout)
  File "/home/airflow/.local/lib/python3.7/site-packages/google/resumable_media/requests/upload.py", line 516, in transmit_next_chunk
    retriable_request, self._get_status_code, self._retry_strategy
  File "/home/airflow/.local/lib/python3.7/site-packages/google/resumable_media/requests/_request_helpers.py", line 178, in wait_and_retry
    raise error
  File "/home/airflow/.local/lib/python3.7/site-packages/google/resumable_media/requests/_request_helpers.py", line 155, in wait_and_retry
    response = func()
  File "/home/airflow/.local/lib/python3.7/site-packages/google/resumable_media/requests/upload.py", line 508, in retriable_request
    method, url, data=payload, headers=headers, timeout=timeout
  File "/home/airflow/.local/lib/python3.7/site-packages/google/auth/transport/requests.py", line 555, in request
    **kwargs
  File "/home/airflow/.local/lib/python3.7/site-packages/requests/sessions.py", line 589, in request
    resp = self.send(prep, **send_kwargs)
  File "/home/airflow/.local/lib/python3.7/site-packages/requests/sessions.py", line 703, in send
    r = adapter.send(request, **kwargs)
  File "/home/airflow/.local/lib/python3.7/site-packages/requests/adapters.py", line 501, in send
    raise ConnectionError(err, request=request)
requests.exceptions.ConnectionError: ('Connection aborted.', timeout('The write operation timed out'))
[2023-10-02T11:53:51.312+0000] {taskinstance.py:1350} INFO - Marking task as UP_FOR_RETRY. dag_id=Load-Green-Taxi-Data-Web-To-GCS-To-Postgres, task_id=extract_to_gcs, execution_date=20190202T060000, start_date=20231002T115217, end_date=20231002T115351
[2023-10-02T11:53:52.102+0000] {standard_task_runner.py:109} ERROR - Failed to execute job 830 for task extract_to_gcs (('Connection aborted.', timeout('The write operation timed out')); 2185)
[2023-10-02T11:53:52.182+0000] {local_task_job_runner.py:225} INFO - Task exited with return code 1
[2023-10-02T11:53:52.226+0000] {taskinstance.py:2653} INFO - 0 downstream tasks scheduled from follow-on schedule check
[2023-10-02T16:40:38.077+0000] {taskinstance.py:1103} INFO - Dependencies all met for dep_context=non-requeueable deps ti=<TaskInstance: Load-Green-Taxi-Data-Web-To-GCS-To-Postgres.extract_to_gcs scheduled__2019-02-02T06:00:00+00:00 [queued]>
[2023-10-02T16:40:38.122+0000] {taskinstance.py:1103} INFO - Dependencies all met for dep_context=requeueable deps ti=<TaskInstance: Load-Green-Taxi-Data-Web-To-GCS-To-Postgres.extract_to_gcs scheduled__2019-02-02T06:00:00+00:00 [queued]>
[2023-10-02T16:40:38.122+0000] {taskinstance.py:1308} INFO - Starting attempt 1 of 3
[2023-10-02T16:40:38.174+0000] {taskinstance.py:1327} INFO - Executing <Task(WebToGCSHKOperator): extract_to_gcs> on 2019-02-02 06:00:00+00:00
[2023-10-02T16:40:38.183+0000] {standard_task_runner.py:57} INFO - Started process 7271 to run task
[2023-10-02T16:40:38.187+0000] {standard_task_runner.py:84} INFO - Running: ['***', 'tasks', 'run', 'Load-Green-Taxi-Data-Web-To-GCS-To-Postgres', 'extract_to_gcs', 'scheduled__2019-02-02T06:00:00+00:00', '--job-id', '974', '--raw', '--subdir', 'DAGS_FOLDER/web_gcs_pg.py', '--cfg-path', '/tmp/tmpzxjbwa0j']
[2023-10-02T16:40:38.189+0000] {standard_task_runner.py:85} INFO - Job 974: Subtask extract_to_gcs
[2023-10-02T16:40:38.259+0000] {task_command.py:410} INFO - Running <TaskInstance: Load-Green-Taxi-Data-Web-To-GCS-To-Postgres.extract_to_gcs scheduled__2019-02-02T06:00:00+00:00 [running]> on host 537710aea1a2
[2023-10-02T16:40:38.415+0000] {taskinstance.py:1547} INFO - Exporting env vars: AIRFLOW_CTX_DAG_EMAIL='' AIRFLOW_CTX_DAG_OWNER='***' AIRFLOW_CTX_DAG_ID='Load-Green-Taxi-Data-Web-To-GCS-To-Postgres' AIRFLOW_CTX_TASK_ID='extract_to_gcs' AIRFLOW_CTX_EXECUTION_DATE='2019-02-02T06:00:00+00:00' AIRFLOW_CTX_TRY_NUMBER='1' AIRFLOW_CTX_DAG_RUN_ID='scheduled__2019-02-02T06:00:00+00:00'
[2023-10-02T16:40:38.416+0000] {crypto.py:83} WARNING - empty cryptography key - values will not be stored encrypted.
[2023-10-02T16:40:38.417+0000] {base.py:73} INFO - Using connection ID 'google_cloud_default' for task execution.
[2023-10-02T16:40:38.417+0000] {Web_To_GCS_Hook.py:67} INFO - Execute downloading of file from https://github.com/DataTalksClub/nyc-tlc-data/releases/download/green/green_tripdata_2019-02.csv.gz to gs://practice18//green_tripdata_2019-02.csv.gz
[2023-10-02T16:41:17.561+0000] {Web_To_GCS_Hook.py:79} INFO - File written to temporary directory: /tmp/tmp85u8uk45/green_tripdata_2019-02.csv.gz
[2023-10-02T16:41:20.639+0000] {logging_mixin.py:150} INFO -    VendorID lpep_pickup_datetime  ... trip_type congestion_surcharge
0         2  2019-02-01 00:10:19  ...         1                  0.0
1         2  2019-02-01 00:02:16  ...         1                  0.0
2         2  2019-02-01 00:37:19  ...         1                  0.0
3         1  2019-02-01 00:10:10  ...         1                  0.0
4         1  2019-02-01 00:30:19  ...         1                  0.0

[5 rows x 20 columns]
[2023-10-02T16:41:20.640+0000] {logging_mixin.py:150} INFO - (575685, 20)
[2023-10-02T16:41:24.999+0000] {Web_To_GCS_Hook.py:90} INFO - Parquet: green_tripdata_2019-02.csv
[2023-10-02T16:41:49.246+0000] {gcs.py:538} INFO - File /tmp/tmp85u8uk45/green_tripdata_2019-02.csv uploaded to green/green_tripdata_2019-02.csv in practice18 bucket
[2023-10-02T16:41:49.246+0000] {Web_To_GCS_Hook.py:105} INFO - Loaded file from https://github.com/DataTalksClub/nyc-tlc-data/releases/download/green/green_tripdata_2019-02.csv.gz to gs://practice18//green/green_tripdata_2019-02.csv
[2023-10-02T16:41:49.302+0000] {taskinstance.py:1350} INFO - Marking task as SUCCESS. dag_id=Load-Green-Taxi-Data-Web-To-GCS-To-Postgres, task_id=extract_to_gcs, execution_date=20190202T060000, start_date=20231002T164038, end_date=20231002T164149
[2023-10-02T16:41:49.849+0000] {local_task_job_runner.py:225} INFO - Task exited with return code 0
[2023-10-02T16:41:49.892+0000] {taskinstance.py:2653} INFO - 1 downstream tasks scheduled from follow-on schedule check
