[2023-10-02T00:01:30.533+0000] {taskinstance.py:1103} INFO - Dependencies all met for dep_context=non-requeueable deps ti=<TaskInstance: Load-Green-Taxi-Data-Web-To-GCS-To-Postgres.download_file_from_gcs scheduled__2019-02-02T06:00:00+00:00 [queued]>
[2023-10-02T00:01:30.546+0000] {taskinstance.py:1103} INFO - Dependencies all met for dep_context=requeueable deps ti=<TaskInstance: Load-Green-Taxi-Data-Web-To-GCS-To-Postgres.download_file_from_gcs scheduled__2019-02-02T06:00:00+00:00 [queued]>
[2023-10-02T00:01:30.546+0000] {taskinstance.py:1308} INFO - Starting attempt 1 of 3
[2023-10-02T00:01:30.589+0000] {taskinstance.py:1327} INFO - Executing <Task(GCSToLocalFilesystemOperator): download_file_from_gcs> on 2019-02-02 06:00:00+00:00
[2023-10-02T00:01:30.597+0000] {standard_task_runner.py:57} INFO - Started process 253 to run task
[2023-10-02T00:01:30.601+0000] {standard_task_runner.py:84} INFO - Running: ['***', 'tasks', 'run', 'Load-Green-Taxi-Data-Web-To-GCS-To-Postgres', 'download_file_from_gcs', 'scheduled__2019-02-02T06:00:00+00:00', '--job-id', '649', '--raw', '--subdir', 'DAGS_FOLDER/web_gcs_pg.py', '--cfg-path', '/tmp/tmp3bgvttn7']
[2023-10-02T00:01:30.603+0000] {standard_task_runner.py:85} INFO - Job 649: Subtask download_file_from_gcs
[2023-10-02T00:01:30.690+0000] {task_command.py:410} INFO - Running <TaskInstance: Load-Green-Taxi-Data-Web-To-GCS-To-Postgres.download_file_from_gcs scheduled__2019-02-02T06:00:00+00:00 [running]> on host 537710aea1a2
[2023-10-02T00:01:30.880+0000] {taskinstance.py:1547} INFO - Exporting env vars: AIRFLOW_CTX_DAG_EMAIL='' AIRFLOW_CTX_DAG_OWNER='***' AIRFLOW_CTX_DAG_ID='Load-Green-Taxi-Data-Web-To-GCS-To-Postgres' AIRFLOW_CTX_TASK_ID='download_file_from_gcs' AIRFLOW_CTX_EXECUTION_DATE='2019-02-02T06:00:00+00:00' AIRFLOW_CTX_TRY_NUMBER='1' AIRFLOW_CTX_DAG_RUN_ID='scheduled__2019-02-02T06:00:00+00:00'
[2023-10-02T00:01:30.881+0000] {gcs_to_local.py:111} INFO - Executing download: practice18, green_tripdata2019-02.csv, /opt/***/green_tripdata2019-02.csv
[2023-10-02T00:01:30.882+0000] {crypto.py:83} WARNING - empty cryptography key - values will not be stored encrypted.
[2023-10-02T00:01:30.883+0000] {base.py:73} INFO - Using connection ID 'google_cloud_default' for task execution.
[2023-10-02T00:01:31.922+0000] {gcs.py:353} ERROR - Download attempt of object: green_tripdata2019-02.csv from practice18 has failed. Attempt: 1, max 1.
[2023-10-02T00:01:31.922+0000] {taskinstance.py:1824} ERROR - Task failed with exception
Traceback (most recent call last):
  File "/home/airflow/.local/lib/python3.7/site-packages/google/cloud/storage/client.py", line 1109, in download_blob_to_file
    retry=retry,
  File "/home/airflow/.local/lib/python3.7/site-packages/google/cloud/storage/blob.py", line 984, in _do_download
    response = download.consume(transport, timeout=timeout)
  File "/home/airflow/.local/lib/python3.7/site-packages/google/resumable_media/requests/download.py", line 238, in consume
    retriable_request, self._get_status_code, self._retry_strategy
  File "/home/airflow/.local/lib/python3.7/site-packages/google/resumable_media/requests/_request_helpers.py", line 155, in wait_and_retry
    response = func()
  File "/home/airflow/.local/lib/python3.7/site-packages/google/resumable_media/requests/download.py", line 219, in retriable_request
    self._process_response(result)
  File "/home/airflow/.local/lib/python3.7/site-packages/google/resumable_media/_download.py", line 189, in _process_response
    response, _ACCEPTABLE_STATUS_CODES, self._get_status_code
  File "/home/airflow/.local/lib/python3.7/site-packages/google/resumable_media/_helpers.py", line 113, in require_status_code
    *status_codes
google.resumable_media.common.InvalidResponse: ('Request failed with status code', 404, 'Expected one of', <HTTPStatus.OK: 200>, <HTTPStatus.PARTIAL_CONTENT: 206>)

During handling of the above exception, another exception occurred:

Traceback (most recent call last):
  File "/home/airflow/.local/lib/python3.7/site-packages/airflow/providers/google/cloud/transfers/gcs_to_local.py", line 125, in execute
    hook.download(bucket_name=self.bucket, object_name=self.object_name, filename=self.filename)
  File "/home/airflow/.local/lib/python3.7/site-packages/airflow/providers/google/cloud/hooks/gcs.py", line 340, in download
    blob.download_to_filename(filename, timeout=timeout)
  File "/home/airflow/.local/lib/python3.7/site-packages/google/cloud/storage/blob.py", line 1270, in download_to_filename
    retry=retry,
  File "/home/airflow/.local/lib/python3.7/site-packages/google/cloud/storage/client.py", line 1112, in download_blob_to_file
    _raise_from_invalid_response(exc)
  File "/home/airflow/.local/lib/python3.7/site-packages/google/cloud/storage/blob.py", line 4373, in _raise_from_invalid_response
    raise exceptions.from_http_status(response.status_code, message, response=response)
google.api_core.exceptions.NotFound: 404 GET https://storage.googleapis.com/download/storage/v1/b/practice18/o/green_tripdata2019-02.csv?alt=media: No such object: practice18/green_tripdata2019-02.csv: ('Request failed with status code', 404, 'Expected one of', <HTTPStatus.OK: 200>, <HTTPStatus.PARTIAL_CONTENT: 206>)
[2023-10-02T00:01:31.933+0000] {taskinstance.py:1350} INFO - Marking task as UP_FOR_RETRY. dag_id=Load-Green-Taxi-Data-Web-To-GCS-To-Postgres, task_id=download_file_from_gcs, execution_date=20190202T060000, start_date=20231002T000130, end_date=20231002T000131
[2023-10-02T00:01:31.976+0000] {standard_task_runner.py:109} ERROR - Failed to execute job 649 for task download_file_from_gcs (404 GET https://storage.googleapis.com/download/storage/v1/b/practice18/o/green_tripdata2019-02.csv?alt=media: No such object: practice18/green_tripdata2019-02.csv: ('Request failed with status code', 404, 'Expected one of', <HTTPStatus.OK: 200>, <HTTPStatus.PARTIAL_CONTENT: 206>); 253)
[2023-10-02T00:01:32.015+0000] {local_task_job_runner.py:225} INFO - Task exited with return code 1
[2023-10-02T00:01:32.044+0000] {taskinstance.py:2653} INFO - 0 downstream tasks scheduled from follow-on schedule check
[2023-10-02T12:00:25.083+0000] {taskinstance.py:1103} INFO - Dependencies all met for dep_context=non-requeueable deps ti=<TaskInstance: Load-Green-Taxi-Data-Web-To-GCS-To-Postgres.download_file_from_gcs scheduled__2019-02-02T06:00:00+00:00 [queued]>
[2023-10-02T12:00:25.125+0000] {taskinstance.py:1103} INFO - Dependencies all met for dep_context=requeueable deps ti=<TaskInstance: Load-Green-Taxi-Data-Web-To-GCS-To-Postgres.download_file_from_gcs scheduled__2019-02-02T06:00:00+00:00 [queued]>
[2023-10-02T12:00:25.125+0000] {taskinstance.py:1308} INFO - Starting attempt 1 of 3
[2023-10-02T12:00:25.180+0000] {taskinstance.py:1327} INFO - Executing <Task(GCSToLocalFilesystemOperator): download_file_from_gcs> on 2019-02-02 06:00:00+00:00
[2023-10-02T12:00:25.198+0000] {standard_task_runner.py:57} INFO - Started process 2356 to run task
[2023-10-02T12:00:25.203+0000] {standard_task_runner.py:84} INFO - Running: ['***', 'tasks', 'run', 'Load-Green-Taxi-Data-Web-To-GCS-To-Postgres', 'download_file_from_gcs', 'scheduled__2019-02-02T06:00:00+00:00', '--job-id', '840', '--raw', '--subdir', 'DAGS_FOLDER/web_gcs_pg.py', '--cfg-path', '/tmp/tmpjbhsd831']
[2023-10-02T12:00:25.208+0000] {standard_task_runner.py:85} INFO - Job 840: Subtask download_file_from_gcs
[2023-10-02T12:00:25.284+0000] {task_command.py:410} INFO - Running <TaskInstance: Load-Green-Taxi-Data-Web-To-GCS-To-Postgres.download_file_from_gcs scheduled__2019-02-02T06:00:00+00:00 [running]> on host 537710aea1a2
[2023-10-02T12:00:25.427+0000] {taskinstance.py:1547} INFO - Exporting env vars: AIRFLOW_CTX_DAG_EMAIL='' AIRFLOW_CTX_DAG_OWNER='***' AIRFLOW_CTX_DAG_ID='Load-Green-Taxi-Data-Web-To-GCS-To-Postgres' AIRFLOW_CTX_TASK_ID='download_file_from_gcs' AIRFLOW_CTX_EXECUTION_DATE='2019-02-02T06:00:00+00:00' AIRFLOW_CTX_TRY_NUMBER='1' AIRFLOW_CTX_DAG_RUN_ID='scheduled__2019-02-02T06:00:00+00:00'
[2023-10-02T12:00:25.428+0000] {gcs_to_local.py:111} INFO - Executing download: practice18, green/green_tripdata_2019-02.csv, /opt/***/green_tripdata_2019-02.csv
[2023-10-02T12:00:25.430+0000] {crypto.py:83} WARNING - empty cryptography key - values will not be stored encrypted.
[2023-10-02T12:00:25.430+0000] {base.py:73} INFO - Using connection ID 'google_cloud_default' for task execution.
[2023-10-02T12:01:11.715+0000] {gcs.py:341} INFO - File downloaded to /opt/***/green_tripdata_2019-02.csv
[2023-10-02T12:01:11.733+0000] {taskinstance.py:1350} INFO - Marking task as SUCCESS. dag_id=Load-Green-Taxi-Data-Web-To-GCS-To-Postgres, task_id=download_file_from_gcs, execution_date=20190202T060000, start_date=20231002T120025, end_date=20231002T120111
[2023-10-02T12:01:11.790+0000] {local_task_job_runner.py:225} INFO - Task exited with return code 0
[2023-10-02T12:01:11.832+0000] {taskinstance.py:2653} INFO - 1 downstream tasks scheduled from follow-on schedule check
[2023-10-02T16:41:56.520+0000] {taskinstance.py:1103} INFO - Dependencies all met for dep_context=non-requeueable deps ti=<TaskInstance: Load-Green-Taxi-Data-Web-To-GCS-To-Postgres.download_file_from_gcs scheduled__2019-02-02T06:00:00+00:00 [queued]>
[2023-10-02T16:41:56.890+0000] {taskinstance.py:1103} INFO - Dependencies all met for dep_context=requeueable deps ti=<TaskInstance: Load-Green-Taxi-Data-Web-To-GCS-To-Postgres.download_file_from_gcs scheduled__2019-02-02T06:00:00+00:00 [queued]>
[2023-10-02T16:41:56.890+0000] {taskinstance.py:1308} INFO - Starting attempt 1 of 3
[2023-10-02T16:41:57.777+0000] {taskinstance.py:1327} INFO - Executing <Task(GCSToLocalFilesystemOperator): download_file_from_gcs> on 2019-02-02 06:00:00+00:00
[2023-10-02T16:41:57.790+0000] {standard_task_runner.py:57} INFO - Started process 7292 to run task
[2023-10-02T16:41:57.795+0000] {standard_task_runner.py:84} INFO - Running: ['***', 'tasks', 'run', 'Load-Green-Taxi-Data-Web-To-GCS-To-Postgres', 'download_file_from_gcs', 'scheduled__2019-02-02T06:00:00+00:00', '--job-id', '975', '--raw', '--subdir', 'DAGS_FOLDER/web_gcs_pg.py', '--cfg-path', '/tmp/tmpv54wp5t5']
[2023-10-02T16:41:57.798+0000] {standard_task_runner.py:85} INFO - Job 975: Subtask download_file_from_gcs
[2023-10-02T16:41:58.948+0000] {task_command.py:410} INFO - Running <TaskInstance: Load-Green-Taxi-Data-Web-To-GCS-To-Postgres.download_file_from_gcs scheduled__2019-02-02T06:00:00+00:00 [running]> on host 537710aea1a2
[2023-10-02T16:42:00.883+0000] {taskinstance.py:1547} INFO - Exporting env vars: AIRFLOW_CTX_DAG_EMAIL='' AIRFLOW_CTX_DAG_OWNER='***' AIRFLOW_CTX_DAG_ID='Load-Green-Taxi-Data-Web-To-GCS-To-Postgres' AIRFLOW_CTX_TASK_ID='download_file_from_gcs' AIRFLOW_CTX_EXECUTION_DATE='2019-02-02T06:00:00+00:00' AIRFLOW_CTX_TRY_NUMBER='1' AIRFLOW_CTX_DAG_RUN_ID='scheduled__2019-02-02T06:00:00+00:00'
[2023-10-02T16:42:00.884+0000] {gcs_to_local.py:111} INFO - Executing download: practice18, green/green_tripdata_2019-02.csv, /opt/***/green_tripdata_2019-02.csv
[2023-10-02T16:42:00.885+0000] {crypto.py:83} WARNING - empty cryptography key - values will not be stored encrypted.
[2023-10-02T16:42:00.886+0000] {base.py:73} INFO - Using connection ID 'google_cloud_default' for task execution.
[2023-10-02T16:42:15.657+0000] {gcs.py:341} INFO - File downloaded to /opt/***/green_tripdata_2019-02.csv
[2023-10-02T16:42:15.673+0000] {taskinstance.py:1350} INFO - Marking task as SUCCESS. dag_id=Load-Green-Taxi-Data-Web-To-GCS-To-Postgres, task_id=download_file_from_gcs, execution_date=20190202T060000, start_date=20231002T164156, end_date=20231002T164215
[2023-10-02T16:42:15.943+0000] {local_task_job_runner.py:225} INFO - Task exited with return code 0
[2023-10-02T16:42:16.002+0000] {taskinstance.py:2653} INFO - 1 downstream tasks scheduled from follow-on schedule check
[2023-10-02T17:51:47.153+0000] {taskinstance.py:1103} INFO - Dependencies all met for dep_context=non-requeueable deps ti=<TaskInstance: Load-Green-Taxi-Data-Web-To-GCS-To-Postgres.download_file_from_gcs scheduled__2019-02-02T06:00:00+00:00 [queued]>
[2023-10-02T17:51:47.353+0000] {taskinstance.py:1103} INFO - Dependencies all met for dep_context=requeueable deps ti=<TaskInstance: Load-Green-Taxi-Data-Web-To-GCS-To-Postgres.download_file_from_gcs scheduled__2019-02-02T06:00:00+00:00 [queued]>
[2023-10-02T17:51:47.353+0000] {taskinstance.py:1308} INFO - Starting attempt 1 of 3
[2023-10-02T17:51:47.649+0000] {taskinstance.py:1327} INFO - Executing <Task(GCSToLocalFilesystemOperator): download_file_from_gcs> on 2019-02-02 06:00:00+00:00
[2023-10-02T17:51:47.659+0000] {standard_task_runner.py:57} INFO - Started process 8440 to run task
[2023-10-02T17:51:47.662+0000] {standard_task_runner.py:84} INFO - Running: ['***', 'tasks', 'run', 'Load-Green-Taxi-Data-Web-To-GCS-To-Postgres', 'download_file_from_gcs', 'scheduled__2019-02-02T06:00:00+00:00', '--job-id', '988', '--raw', '--subdir', 'DAGS_FOLDER/web_gcs_pg.py', '--cfg-path', '/tmp/tmp0x1_xkiw']
[2023-10-02T17:51:47.665+0000] {standard_task_runner.py:85} INFO - Job 988: Subtask download_file_from_gcs
[2023-10-02T17:51:48.266+0000] {task_command.py:410} INFO - Running <TaskInstance: Load-Green-Taxi-Data-Web-To-GCS-To-Postgres.download_file_from_gcs scheduled__2019-02-02T06:00:00+00:00 [running]> on host 537710aea1a2
[2023-10-02T17:51:48.740+0000] {taskinstance.py:1547} INFO - Exporting env vars: AIRFLOW_CTX_DAG_EMAIL='' AIRFLOW_CTX_DAG_OWNER='***' AIRFLOW_CTX_DAG_ID='Load-Green-Taxi-Data-Web-To-GCS-To-Postgres' AIRFLOW_CTX_TASK_ID='download_file_from_gcs' AIRFLOW_CTX_EXECUTION_DATE='2019-02-02T06:00:00+00:00' AIRFLOW_CTX_TRY_NUMBER='1' AIRFLOW_CTX_DAG_RUN_ID='scheduled__2019-02-02T06:00:00+00:00'
[2023-10-02T17:51:48.741+0000] {gcs_to_local.py:111} INFO - Executing download: practice18, green/green_tripdata_2019-02.csv, /opt/***/green_tripdata_2019-02.csv
[2023-10-02T17:51:48.743+0000] {crypto.py:83} WARNING - empty cryptography key - values will not be stored encrypted.
[2023-10-02T17:51:48.743+0000] {base.py:73} INFO - Using connection ID 'google_cloud_default' for task execution.
[2023-10-02T17:52:40.362+0000] {gcs.py:341} INFO - File downloaded to /opt/***/green_tripdata_2019-02.csv
[2023-10-02T17:52:40.376+0000] {taskinstance.py:1350} INFO - Marking task as SUCCESS. dag_id=Load-Green-Taxi-Data-Web-To-GCS-To-Postgres, task_id=download_file_from_gcs, execution_date=20190202T060000, start_date=20231002T175147, end_date=20231002T175240
[2023-10-02T17:52:41.473+0000] {local_task_job_runner.py:225} INFO - Task exited with return code 0
[2023-10-02T17:52:41.507+0000] {taskinstance.py:2653} INFO - 1 downstream tasks scheduled from follow-on schedule check
